<?xml version="1.0" encoding="UTF-8" ?>
<testsuite tests="25" failures="0" name="com.sarah.debatewebapp.dao.DebateDaoImplTest" time="12.422" errors="0" skipped="0">
  <properties>
[...]
</properties>
  <testcase classname="com.sarah.debatewebapp.dao.DebateDaoImplTest" name="testSearchDebatesByResolution" time="7.046"/>
  <testcase classname="com.sarah.debatewebapp.dao.DebateDaoImplTest" name="testAgainstEmptyDao" time="0.144"/>
  <testcase classname="com.sarah.debatewebapp.dao.DebateDaoImplTest" name="testAddMultipleIntroDebates" time="0.473"/>
  <testcase classname="com.sarah.debatewebapp.dao.DebateDaoImplTest" name="testUpdateMultipleIntroDebates" time="0.475"/>
  <testcase classname="com.sarah.debatewebapp.dao.DebateDaoImplTest" name="testAddAndRemoveMultipleDebates" time="0.273"/>
  <testcase classname="com.sarah.debatewebapp.dao.DebateDaoImplTest" name="testSearchDebatesByUsers" time="0.101"/>
  <testcase classname="com.sarah.debatewebapp.dao.DebateDaoImplTest" name="testAddAndRemoveOneDebate" time="0.145"/>
  <testcase classname="com.sarah.debatewebapp.dao.DebateDaoImplTest" name="testDebateCountAfterRemoval" time="0.189"/>
  <testcase classname="com.sarah.debatewebapp.dao.DebateDaoImplTest" name="testAddSimilarDebates" time="0.223"/>
  <testcase classname="com.sarah.debatewebapp.dao.DebateDaoImplTest" name="testAddRebuttalToEmptyDaoTest" time="0.142"/>
  <testcase classname="com.sarah.debatewebapp.dao.DebateDaoImplTest" name="testUpdateDebate" time="0.095"/>
  <testcase classname="com.sarah.debatewebapp.dao.DebateDaoImplTest" name="testAddAndRemoveDebatesMultipleTimes" time="0.502"/>
  <testcase classname="com.sarah.debatewebapp.dao.DebateDaoImplTest" name="testDebateCountOnUpdate" time="0.324"/>
  <testcase classname="com.sarah.debatewebapp.dao.DebateDaoImplTest" name="addOneToEmptyDaoTest" time="0.117"/>
  <testcase classname="com.sarah.debatewebapp.dao.DebateDaoImplTest" name="testUpdateMultipleDebates" time="0.616"/>
  <testcase classname="com.sarah.debatewebapp.dao.DebateDaoImplTest" name="testDebateCountAfterTwiceRemoved" time="0.263"/>
  <testcase classname="com.sarah.debatewebapp.dao.DebateDaoImplTest" name="testUpdateIntroDebate" time="0.12"/>
  <testcase classname="com.sarah.debatewebapp.dao.DebateDaoImplTest" name="testDebateCountOnAddition" time="0.21"/>
  <testcase classname="com.sarah.debatewebapp.dao.DebateDaoImplTest" name="testSearchDebatesByCategory" time="0.132"/>
  <testcase classname="com.sarah.debatewebapp.dao.DebateDaoImplTest" name="testAddAndRemoveDebateTwice" time="0.083"/>
  <testcase classname="com.sarah.debatewebapp.dao.DebateDaoImplTest" name="testAddMultipleDebates" time="0.194"/>
  <testcase classname="com.sarah.debatewebapp.dao.DebateDaoImplTest" name="testAddMaxRebuttalsOnADebate" time="0.231"/>
  <testcase classname="com.sarah.debatewebapp.dao.DebateDaoImplTest" name="testSearchDebateByDate" time="0.109"/>
  <testcase classname="com.sarah.debatewebapp.dao.DebateDaoImplTest" name="addIntroDebateToEmptyDaoTest" time="0.092"/>
  <testcase classname="com.sarah.debatewebapp.dao.DebateDaoImplTest" name="testDebatesAfterRemovalOfNonExistent" time="0.123"/>
</testsuite>