<?xml version="1.0" encoding="UTF-8" ?>
<testsuite tests="17" failures="0" name="com.sarah.debatewebapp.dao.UserDaoImplTest" time="5.558" errors="0" skipped="0">
  <properties>
[...]
</properties>
  <testcase classname="com.sarah.debatewebapp.dao.UserDaoImplTest" name="testAddMultipleUsers" time="0.601"/>
  <testcase classname="com.sarah.debatewebapp.dao.UserDaoImplTest" name="testAgainstEmptyDAO" time="0.151"/>
  <testcase classname="com.sarah.debatewebapp.dao.UserDaoImplTest" name="testAddAndRemoveUserTwice" time="0.383"/>
  <testcase classname="com.sarah.debatewebapp.dao.UserDaoImplTest" name="testUpdateUser" time="0.983"/>
  <testcase classname="com.sarah.debatewebapp.dao.UserDaoImplTest" name="testUsersAfterRemovalOfNonExistent" time="0.331"/>
  <testcase classname="com.sarah.debatewebapp.dao.UserDaoImplTest" name="testAddOneUser" time="0.054"/>
  <testcase classname="com.sarah.debatewebapp.dao.UserDaoImplTest" name="testUserCountAfterRemoval" time="0.257"/>
  <testcase classname="com.sarah.debatewebapp.dao.UserDaoImplTest" name="testAddAndRemoveUsersMultipleTimes" time="0.715"/>
  <testcase classname="com.sarah.debatewebapp.dao.UserDaoImplTest" name="testUserCountOnUpdate" time="0.313"/>
  <testcase classname="com.sarah.debatewebapp.dao.UserDaoImplTest" name="addOneToEmptyDaoTest" time="0.096"/>
  <testcase classname="com.sarah.debatewebapp.dao.UserDaoImplTest" name="testAddAndRemoveOneUser" time="0.084"/>
  <testcase classname="com.sarah.debatewebapp.dao.UserDaoImplTest" name="testGetUserByUsername" time="0.062"/>
  <testcase classname="com.sarah.debatewebapp.dao.UserDaoImplTest" name="testUserCountOnAddition" time="0.261"/>
  <testcase classname="com.sarah.debatewebapp.dao.UserDaoImplTest" name="testUpdateMultipleUsers" time="0.281"/>
  <testcase classname="com.sarah.debatewebapp.dao.UserDaoImplTest" name="testAddSimilarUsers" time="0.259"/>
  <testcase classname="com.sarah.debatewebapp.dao.UserDaoImplTest" name="testUserCountAfterTwiceRemoved" time="0.485"/>
  <testcase classname="com.sarah.debatewebapp.dao.UserDaoImplTest" name="testAddAndRemoveMultipleUsers" time="0.242"/>
</testsuite>